<?xml version="1.0" encoding="UTF-8"?>
<!-- Generated by org.testng.reporters.JUnitReportReporter -->
<testsuite hostname="Bozitos-MacBook-Pro.local" failures="0" tests="22" name="runners.MainRunner" time="174.753" errors="0" timestamp="2025-08-25T19:34:15 PDT" skipped="0">
  <testcase classname="runners.MainRunner" name="runScenario" time="11.758"/>
  <testcase classname="runners.MainRunner" name="runScenario" time="19.757"/>
  <testcase classname="runners.MainRunner" name="runScenario" time="5.352"/>
  <testcase classname="runners.MainRunner" name="runScenario" time="10.035"/>
  <testcase classname="runners.MainRunner" name="runScenario" time="13.667"/>
  <testcase classname="runners.MainRunner" name="runScenario" time="5.854"/>
  <testcase classname="runners.MainRunner" name="runScenario" time="5.741"/>
  <testcase classname="runners.MainRunner" name="runScenario" time="5.777"/>
  <testcase classname="runners.MainRunner" name="runScenario" time="5.494"/>
  <testcase classname="runners.MainRunner" name="runScenario" time="13.220"/>
  <testcase classname="runners.MainRunner" name="runScenario" time="13.173"/>
  <testcase classname="runners.MainRunner" name="runScenario" time="5.195"/>
  <testcase classname="runners.MainRunner" name="runScenario" time="5.323"/>
  <testcase classname="runners.MainRunner" name="runScenario" time="5.475"/>
  <testcase classname="runners.MainRunner" name="runScenario" time="5.326"/>
  <testcase classname="runners.MainRunner" name="runScenario" time="6.557"/>
  <testcase classname="runners.MainRunner" name="runScenario" time="5.510"/>
  <testcase classname="runners.MainRunner" name="runScenario" time="11.006"/>
  <testcase classname="runners.MainRunner" name="runScenario" time="5.306"/>
  <testcase classname="runners.MainRunner" name="runScenario" time="5.260"/>
  <testcase classname="runners.MainRunner" name="runScenario" time="5.660"/>
  <testcase classname="runners.MainRunner" name="runScenario" time="4.307"/>
</testsuite> <!-- runners.MainRunner -->
